Построение начато 25.11.2011 22:46:01.
     1>Проект "C:\MyDocuments\Visual Studio 2010\Projects\WordCounter1\WordCounter1\WordCounter1.vcxproj" в узле 2 (целевые объекты build).
     1>InitializeBuildStatus:
         Создание "Debug\WordCounter1.unsuccessfulbuild", так как было задано "AlwaysCreate".
       ClCompile:
         D:\Programs\Microsoft Visual Studio 10.0\VC\bin\CL.exe /c /ZI /nologo /W3 /WX- /Od /Oy- /D WIN32 /D _DEBUG /D _CONSOLE /D _UNICODE /D UNICODE /Gm /EHsc /RTC1 /MDd /GS /fp:precise /Zc:wchar_t /Zc:forScope /Fo"Debug\\" /Fd"Debug\vc100.pdb" /Gd /TP /analyze- /errorReport:prompt 1.cpp
         1.cpp
       ManifestResourceCompile:
         Для всех выходных данных обновления не требуется.
       Link:
         D:\Programs\Microsoft Visual Studio 10.0\VC\bin\link.exe /ERRORREPORT:PROMPT /OUT:"C:\MyDocuments\Visual Studio 2010\Projects\WordCounter1\Debug\WordCounter1.exe" /INCREMENTAL /NOLOGO kernel32.lib user32.lib gdi32.lib winspool.lib comdlg32.lib advapi32.lib shell32.lib ole32.lib oleaut32.lib uuid.lib odbc32.lib odbccp32.lib /MANIFEST /ManifestFile:"Debug\WordCounter1.exe.intermediate.manifest" /MANIFESTUAC:"level='asInvoker' uiAccess='false'" /DEBUG /PDB:"C:\MyDocuments\Visual Studio 2010\Projects\WordCounter1\Debug\WordCounter1.pdb" /SUBSYSTEM:CONSOLE /TLBID:1 /DYNAMICBASE /NXCOMPAT /IMPLIB:"C:\MyDocuments\Visual Studio 2010\Projects\WordCounter1\Debug\WordCounter1.lib" /MACHINE:X86 Debug\WordCounter1.exe.embed.manifest.res
         Debug\1.obj
       Manifest:
         C:\Program Files (x86)\Microsoft SDKs\Windows\v7.0A\bin\mt.exe /nologo /verbose /out:"Debug\WordCounter1.exe.embed.manifest" /manifest Debug\WordCounter1.exe.intermediate.manifest
         Для всех выходных данных обновления не требуется.
       LinkEmbedManifest:
         Для всех выходных данных обновления не требуется.
         WordCounter1.vcxproj -> C:\MyDocuments\Visual Studio 2010\Projects\WordCounter1\Debug\WordCounter1.exe
       FinalizeBuildStatus:
         Файл "Debug\WordCounter1.unsuccessfulbuild" удаляется.
         Обращение к "Debug\WordCounter1.lastbuildstate".
     1>Построение проекта "C:\MyDocuments\Visual Studio 2010\Projects\WordCounter1\WordCounter1\WordCounter1.vcxproj" завершено (целевые объекты build).

Построение успешно завершено.

Затраченное время: 00:00:02.88
