Построение начато 26.11.2011 9:00:47.
     1>Проект "C:\MyDocuments\Visual Studio 2010\Projects\WordCounter1\WordCounter1\WordCounter1.vcxproj" в узле 2 (целевые объекты build).
     1>InitializeBuildStatus:
         Создание "Release\WordCounter1.unsuccessfulbuild", так как было задано "AlwaysCreate".
       ClCompile:
         D:\Programs\Microsoft Visual Studio 10.0\VC\bin\CL.exe /c /Zi /nologo /W3 /WX- /O2 /Oi /Oy- /GL /D WIN32 /D NDEBUG /D _CONSOLE /D _UNICODE /D UNICODE /Gm- /EHsc /MD /GS /Gy /fp:precise /Zc:wchar_t /Zc:forScope /Fo"Release\\" /Fd"Release\vc100.pdb" /Gd /TP /analyze- /errorReport:prompt 1.cpp
         1.cpp
       Link:
         D:\Programs\Microsoft Visual Studio 10.0\VC\bin\link.exe /ERRORREPORT:PROMPT /OUT:"C:\MyDocuments\Visual Studio 2010\Projects\WordCounter1\Release\WordCounter1.exe" /INCREMENTAL:NO /NOLOGO kernel32.lib user32.lib gdi32.lib winspool.lib comdlg32.lib advapi32.lib shell32.lib ole32.lib oleaut32.lib uuid.lib odbc32.lib odbccp32.lib /MANIFEST /ManifestFile:"Release\WordCounter1.exe.intermediate.manifest" /MANIFESTUAC:"level='asInvoker' uiAccess='false'" /DEBUG /PDB:"C:\MyDocuments\Visual Studio 2010\Projects\WordCounter1\Release\WordCounter1.pdb" /SUBSYSTEM:CONSOLE /OPT:REF /OPT:ICF /LTCG /TLBID:1 /DYNAMICBASE /NXCOMPAT /IMPLIB:"C:\MyDocuments\Visual Studio 2010\Projects\WordCounter1\Release\WordCounter1.lib" /MACHINE:X86 Release\1.obj
         Создание кода
         Создание кода завершено
         WordCounter1.vcxproj -> C:\MyDocuments\Visual Studio 2010\Projects\WordCounter1\Release\WordCounter1.exe
       Manifest:
         C:\Program Files (x86)\Microsoft SDKs\Windows\v7.0A\bin\mt.exe /nologo /verbose /outputresource:"C:\MyDocuments\Visual Studio 2010\Projects\WordCounter1\Release\WordCounter1.exe;#1" /manifest Release\WordCounter1.exe.intermediate.manifest
       FinalizeBuildStatus:
         Файл "Release\WordCounter1.unsuccessfulbuild" удаляется.
         Обращение к "Release\WordCounter1.lastbuildstate".
     1>Построение проекта "C:\MyDocuments\Visual Studio 2010\Projects\WordCounter1\WordCounter1\WordCounter1.vcxproj" завершено (целевые объекты build).

Построение успешно завершено.

Затраченное время: 00:00:02.36
